Running: D:\Xilinx\14.7\ISE_DS\ISE\bin\nt64\unwrapped\fuse.exe -intstyle ise -incremental -o D:/Documents/Google Drive/Eng Comp/UFGRS/INF/sistemas digitais/neander/neander_isim_beh.exe -prj D:/Documents/Google Drive/Eng Comp/UFGRS/INF/sistemas digitais/neander/neander_beh.prj work.neander 
ISim P.20131013 (signature 0x7708f090)
Number of CPUs detected in this system: 4
Turning on mult-threading, number of parallel sub-compilation jobs: 8 
Determining compilation order of HDL files
Parsing VHDL file "D:/Documents/Google Drive/Eng Comp/UFGRS/INF/sistemas digitais/neander/ipcore_dir/bram.vhd" into library work
Parsing VHDL file "D:/Documents/Google Drive/Eng Comp/UFGRS/INF/sistemas digitais/neander/ula.vhd" into library work
Parsing VHDL file "D:/Documents/Google Drive/Eng Comp/UFGRS/INF/sistemas digitais/neander/reg_nz.vhd" into library work
Parsing VHDL file "D:/Documents/Google Drive/Eng Comp/UFGRS/INF/sistemas digitais/neander/reg8.vhd" into library work
Parsing VHDL file "D:/Documents/Google Drive/Eng Comp/UFGRS/INF/sistemas digitais/neander/pc.vhd" into library work
Parsing VHDL file "D:/Documents/Google Drive/Eng Comp/UFGRS/INF/sistemas digitais/neander/mux.vhd" into library work
Parsing VHDL file "D:/Documents/Google Drive/Eng Comp/UFGRS/INF/sistemas digitais/neander/decod.vhd" into library work
Parsing VHDL file "D:/Documents/Google Drive/Eng Comp/UFGRS/INF/sistemas digitais/neander/control_unit.vhd" into library work
Parsing VHDL file "D:/Documents/Google Drive/Eng Comp/UFGRS/INF/sistemas digitais/neander/neander.vhd" into library work
Starting static elaboration
Completed static elaboration
Compiling package standard
Compiling package std_logic_1164
Compiling package std_logic_arith
Compiling package std_logic_unsigned
Compiling package std_logic_signed
Compiling architecture behavioral of entity reg8 [reg8_default]
Compiling architecture behavioral of entity pc [pc_default]
Compiling architecture behavioral of entity reg_nz [reg_nz_default]
Compiling architecture behavioral of entity ula [ula_default]
Compiling architecture behavioral of entity mux [mux_default]
Compiling architecture behavioral of entity decod [decod_default]
Compiling architecture behavioral of entity control_unit [control_unit_default]
Compiling package textio
Compiling package std_logic_textio
Compiling architecture output_stage_behavioral of entity BLK_MEM_GEN_V7_3_output_stage [\BLK_MEM_GEN_V7_3_output_stage("...]
Compiling architecture softecc_output_reg_stage_behavioral of entity BLK_MEM_GEN_V7_3_softecc_output_reg_stage [\BLK_MEM_GEN_V7_3_softecc_output...]
Compiling architecture mem_module_behavioral of entity BLK_MEM_GEN_V7_3_mem_module [\BLK_MEM_GEN_V7_3_mem_module("bl...]
Compiling architecture behavioral of entity BLK_MEM_GEN_V7_3 [\BLK_MEM_GEN_V7_3("blk_mem_gen_v...]
Compiling architecture bram_a of entity bram [bram_default]
Compiling architecture behavioral of entity neander
Time Resolution for simulation is 1ps.
Waiting for 12 sub-compilation(s) to finish...
Compiled 32 VHDL Units
Built simulation executable D:/Documents/Google Drive/Eng Comp/UFGRS/INF/sistemas digitais/neander/neander_isim_beh.exe
Fuse Memory Usage: 38696 KB
Fuse CPU Usage: 593 ms
